<?xml version="1.0" encoding="UTF-8"?>
<testng-results ignored="0" total="3" passed="3" failed="0" skipped="0">
  <reporter-output>
  </reporter-output>
  <suite started-at="2022-08-23T22:38:11 IST" name="Surefire suite" finished-at="2022-08-23T22:38:11 IST" duration-ms="88">
    <groups>
    </groups>
    <test started-at="2022-08-23T22:38:11 IST" name="Surefire test" finished-at="2022-08-23T22:38:11 IST" duration-ms="88">
      <class name="com.qa.test.DemoTest">
        <test-method signature="multi()[pri:0, instance:com.qa.test.DemoTest@548e6d58]" started-at="2022-08-23T22:38:11 IST" name="multi" finished-at="2022-08-23T22:38:11 IST" duration-ms="8" status="PASS">
          <reporter-output>
          </reporter-output>
        </test-method> <!-- multi -->
        <test-method signature="sub()[pri:0, instance:com.qa.test.DemoTest@548e6d58]" started-at="2022-08-23T22:38:11 IST" name="sub" finished-at="2022-08-23T22:38:11 IST" duration-ms="1" status="PASS">
          <reporter-output>
          </reporter-output>
        </test-method> <!-- sub -->
        <test-method signature="sum()[pri:0, instance:com.qa.test.DemoTest@548e6d58]" started-at="2022-08-23T22:38:11 IST" name="sum" finished-at="2022-08-23T22:38:11 IST" duration-ms="0" status="PASS">
          <reporter-output>
          </reporter-output>
        </test-method> <!-- sum -->
      </class> <!-- com.qa.test.DemoTest -->
    </test> <!-- Surefire test -->
  </suite> <!-- Surefire suite -->
</testng-results>
