<?xml version="1.0" encoding="UTF-8"?>
<testng-results ignored="0" total="1" passed="1" failed="0" skipped="0">
  <reporter-output>
  </reporter-output>
  <suite started-at="2022-08-23T21:42:50 IST" name="Default suite" finished-at="2022-08-23T21:42:50 IST" duration-ms="86">
    <groups>
    </groups>
    <test started-at="2022-08-23T21:42:50 IST" name="Default test" finished-at="2022-08-23T21:42:50 IST" duration-ms="86">
      <class name="com.qa.test.DemoTest">
        <test-method signature="sum()[pri:0, instance:com.qa.test.DemoTest@316bcf94]" started-at="2022-08-23T21:42:50 IST" name="sum" finished-at="2022-08-23T21:42:50 IST" duration-ms="15" status="PASS">
          <reporter-output>
          </reporter-output>
        </test-method> <!-- sum -->
      </class> <!-- com.qa.test.DemoTest -->
    </test> <!-- Default test -->
  </suite> <!-- Default suite -->
</testng-results>
